2017-12-08 14:16:38.214  INFO 7336 --- [main] c.system.SystemServiceApplicationTests   : Starting SystemServiceApplicationTests on DESKTOP-TE2C7HV with PID 7336 (started by Kenny in G:\Idea_Project\Transaction-system\System-service)
2017-12-08 14:16:38.217  INFO 7336 --- [main] c.system.SystemServiceApplicationTests   : The following profiles are active: dev
2017-12-08 14:16:41.425  INFO 7336 --- [main] c.system.SystemServiceApplicationTests   : Started SystemServiceApplicationTests in 3.796 seconds (JVM running for 4.615)
2017-12-08 14:16:41.548  INFO 7336 --- [main] com.alibaba.druid.pool.DruidDataSource   : {dataSource-1} inited
2017-12-08 14:16:42.514  INFO 7336 --- [Thread-2] com.alibaba.druid.pool.DruidDataSource   : {dataSource-1} closed
2017-12-08 14:18:00.196  INFO 6472 --- [main] c.system.SystemServiceApplicationTests   : Starting SystemServiceApplicationTests on DESKTOP-TE2C7HV with PID 6472 (started by Kenny in G:\Idea_Project\Transaction-system\System-service)
2017-12-08 14:18:00.198  INFO 6472 --- [main] c.system.SystemServiceApplicationTests   : The following profiles are active: dev
2017-12-08 14:18:00.241  INFO 6472 --- [main] o.s.w.c.s.GenericWebApplicationContext   : Refreshing org.springframework.web.context.support.GenericWebApplicationContext@757acd7b: startup date [Fri Dec 08 14:18:00 CST 2017]; root of context hierarchy
2017-12-08 14:18:02.934  INFO 6472 --- [main] s.w.s.m.m.a.RequestMappingHandlerAdapter : Looking for @ControllerAdvice: org.springframework.web.context.support.GenericWebApplicationContext@757acd7b: startup date [Fri Dec 08 14:18:00 CST 2017]; root of context hierarchy
2017-12-08 14:18:03.014  INFO 6472 --- [main] s.w.s.m.m.a.RequestMappingHandlerMapping : Mapped "{[/error]}" onto public org.springframework.http.ResponseEntity<java.util.Map<java.lang.String, java.lang.Object>> org.springframework.boot.autoconfigure.web.BasicErrorController.error(javax.servlet.http.HttpServletRequest)
2017-12-08 14:18:03.016  INFO 6472 --- [main] s.w.s.m.m.a.RequestMappingHandlerMapping : Mapped "{[/error],produces=[text/html]}" onto public org.springframework.web.servlet.ModelAndView org.springframework.boot.autoconfigure.web.BasicErrorController.errorHtml(javax.servlet.http.HttpServletRequest,javax.servlet.http.HttpServletResponse)
2017-12-08 14:18:03.053  INFO 6472 --- [main] o.s.w.s.handler.SimpleUrlHandlerMapping  : Mapped URL path [/webjars/**] onto handler of type [class org.springframework.web.servlet.resource.ResourceHttpRequestHandler]
2017-12-08 14:18:03.054  INFO 6472 --- [main] o.s.w.s.handler.SimpleUrlHandlerMapping  : Mapped URL path [/**] onto handler of type [class org.springframework.web.servlet.resource.ResourceHttpRequestHandler]
2017-12-08 14:18:03.107  INFO 6472 --- [main] o.s.w.s.handler.SimpleUrlHandlerMapping  : Mapped URL path [/**/favicon.ico] onto handler of type [class org.springframework.web.servlet.resource.ResourceHttpRequestHandler]
2017-12-08 14:18:03.571  INFO 6472 --- [main] c.system.SystemServiceApplicationTests   : Started SystemServiceApplicationTests in 3.96 seconds (JVM running for 4.838)
2017-12-08 14:18:03.697  INFO 6472 --- [main] com.alibaba.druid.pool.DruidDataSource   : {dataSource-1} inited
2017-12-08 14:18:04.734 DEBUG 6472 --- [main] c.s.mapper.SysUserInfoMapper.intoRecord  : ==>  Preparing: insert into sys_user_info ( user_code, user_pwd, user_name, into_user, into_time, upd_user, upd_time, remarks ) values ( ?, ?, ?, ?, ?, ?, ?, ? ) 
2017-12-08 14:18:04.772 DEBUG 6472 --- [main] c.s.mapper.SysUserInfoMapper.intoRecord  : ==> Parameters: 123(String), 123(String), null, null, null, null, null, null
2017-12-08 14:18:04.785 DEBUG 6472 --- [main] c.s.mapper.SysUserInfoMapper.intoRecord  : <==    Updates: 1
2017-12-08 14:18:04.793  INFO 6472 --- [Thread-2] o.s.w.c.s.GenericWebApplicationContext   : Closing org.springframework.web.context.support.GenericWebApplicationContext@757acd7b: startup date [Fri Dec 08 14:18:00 CST 2017]; root of context hierarchy
2017-12-08 14:18:04.800  INFO 6472 --- [Thread-2] com.alibaba.druid.pool.DruidDataSource   : {dataSource-1} closed
2017-12-08 14:28:58.487  INFO 7116 --- [main] c.system.SystemServiceApplicationTests   : Starting SystemServiceApplicationTests on DESKTOP-TE2C7HV with PID 7116 (started by Kenny in G:\Idea_Project\Transaction-system\System-service)
2017-12-08 14:28:58.488  INFO 7116 --- [main] c.system.SystemServiceApplicationTests   : The following profiles are active: dev
2017-12-08 14:28:58.541  INFO 7116 --- [main] o.s.w.c.s.GenericWebApplicationContext   : Refreshing org.springframework.web.context.support.GenericWebApplicationContext@87a85e1: startup date [Fri Dec 08 14:28:58 CST 2017]; root of context hierarchy
2017-12-08 14:28:59.599  WARN 7116 --- [main] o.m.s.mapper.ClassPathMapperScanner      : Skipping MapperFactoryBean with name 'sysUserInfoMapper' and 'com.system.mapper.SysUserInfoMapper' mapperInterface. Bean already defined with the same name!
2017-12-08 14:28:59.599  WARN 7116 --- [main] o.m.s.mapper.ClassPathMapperScanner      : No MyBatis mapper was found in '[com.system.mapper]' package. Please check your configuration.
2017-12-08 14:29:01.543  INFO 7116 --- [main] s.w.s.m.m.a.RequestMappingHandlerAdapter : Looking for @ControllerAdvice: org.springframework.web.context.support.GenericWebApplicationContext@87a85e1: startup date [Fri Dec 08 14:28:58 CST 2017]; root of context hierarchy
2017-12-08 14:29:01.630  INFO 7116 --- [main] s.w.s.m.m.a.RequestMappingHandlerMapping : Mapped "{[/error]}" onto public org.springframework.http.ResponseEntity<java.util.Map<java.lang.String, java.lang.Object>> org.springframework.boot.autoconfigure.web.BasicErrorController.error(javax.servlet.http.HttpServletRequest)
2017-12-08 14:29:01.632  INFO 7116 --- [main] s.w.s.m.m.a.RequestMappingHandlerMapping : Mapped "{[/error],produces=[text/html]}" onto public org.springframework.web.servlet.ModelAndView org.springframework.boot.autoconfigure.web.BasicErrorController.errorHtml(javax.servlet.http.HttpServletRequest,javax.servlet.http.HttpServletResponse)
2017-12-08 14:29:01.669  INFO 7116 --- [main] o.s.w.s.handler.SimpleUrlHandlerMapping  : Mapped URL path [/webjars/**] onto handler of type [class org.springframework.web.servlet.resource.ResourceHttpRequestHandler]
2017-12-08 14:29:01.669  INFO 7116 --- [main] o.s.w.s.handler.SimpleUrlHandlerMapping  : Mapped URL path [/**] onto handler of type [class org.springframework.web.servlet.resource.ResourceHttpRequestHandler]
2017-12-08 14:29:01.727  INFO 7116 --- [main] o.s.w.s.handler.SimpleUrlHandlerMapping  : Mapped URL path [/**/favicon.ico] onto handler of type [class org.springframework.web.servlet.resource.ResourceHttpRequestHandler]
2017-12-08 14:29:02.215  INFO 7116 --- [main] c.system.SystemServiceApplicationTests   : Started SystemServiceApplicationTests in 4.347 seconds (JVM running for 5.204)
2017-12-08 14:29:02.347  INFO 7116 --- [main] com.alibaba.druid.pool.DruidDataSource   : {dataSource-1} inited
2017-12-08 14:29:03.337 DEBUG 7116 --- [main] c.s.mapper.SysUserInfoMapper.intoRecord  : ==>  Preparing: insert into sys_user_info ( user_code, user_pwd, user_name, into_user, into_time, upd_user, upd_time, remarks ) values ( ?, ?, ?, ?, ?, ?, ?, ? ) 
2017-12-08 14:29:03.375 DEBUG 7116 --- [main] c.s.mapper.SysUserInfoMapper.intoRecord  : ==> Parameters: 123(String), 123(String), null, null, null, null, null, null
2017-12-08 14:29:03.389 DEBUG 7116 --- [main] c.s.mapper.SysUserInfoMapper.intoRecord  : <==    Updates: 1
2017-12-08 14:29:03.396  INFO 7116 --- [Thread-4] o.s.w.c.s.GenericWebApplicationContext   : Closing org.springframework.web.context.support.GenericWebApplicationContext@87a85e1: startup date [Fri Dec 08 14:28:58 CST 2017]; root of context hierarchy
2017-12-08 14:29:03.405  INFO 7116 --- [Thread-4] com.alibaba.druid.pool.DruidDataSource   : {dataSource-1} closed
2017-12-08 14:36:07.768  INFO 15808 --- [main] c.system.SystemServiceApplicationTests   : Starting SystemServiceApplicationTests on DESKTOP-TE2C7HV with PID 15808 (started by Kenny in G:\Idea_Project\Transaction-system\System-service)
2017-12-08 14:36:07.770  INFO 15808 --- [main] c.system.SystemServiceApplicationTests   : The following profiles are active: dev
2017-12-08 14:36:07.847  INFO 15808 --- [main] o.s.w.c.s.GenericWebApplicationContext   : Refreshing org.springframework.web.context.support.GenericWebApplicationContext@3403e2ac: startup date [Fri Dec 08 14:36:07 CST 2017]; root of context hierarchy
2017-12-08 14:36:09.048  WARN 15808 --- [main] o.m.s.mapper.ClassPathMapperScanner      : Skipping MapperFactoryBean with name 'sysUserInfoMapper' and 'com.system.mapper.SysUserInfoMapper' mapperInterface. Bean already defined with the same name!
2017-12-08 14:36:09.049  WARN 15808 --- [main] o.m.s.mapper.ClassPathMapperScanner      : No MyBatis mapper was found in '[com.system.mapper]' package. Please check your configuration.
2017-12-08 14:36:11.156  INFO 15808 --- [main] s.w.s.m.m.a.RequestMappingHandlerAdapter : Looking for @ControllerAdvice: org.springframework.web.context.support.GenericWebApplicationContext@3403e2ac: startup date [Fri Dec 08 14:36:07 CST 2017]; root of context hierarchy
2017-12-08 14:36:11.264  INFO 15808 --- [main] s.w.s.m.m.a.RequestMappingHandlerMapping : Mapped "{[/error]}" onto public org.springframework.http.ResponseEntity<java.util.Map<java.lang.String, java.lang.Object>> org.springframework.boot.autoconfigure.web.BasicErrorController.error(javax.servlet.http.HttpServletRequest)
2017-12-08 14:36:11.266  INFO 15808 --- [main] s.w.s.m.m.a.RequestMappingHandlerMapping : Mapped "{[/error],produces=[text/html]}" onto public org.springframework.web.servlet.ModelAndView org.springframework.boot.autoconfigure.web.BasicErrorController.errorHtml(javax.servlet.http.HttpServletRequest,javax.servlet.http.HttpServletResponse)
2017-12-08 14:36:11.320  INFO 15808 --- [main] o.s.w.s.handler.SimpleUrlHandlerMapping  : Mapped URL path [/webjars/**] onto handler of type [class org.springframework.web.servlet.resource.ResourceHttpRequestHandler]
2017-12-08 14:36:11.320  INFO 15808 --- [main] o.s.w.s.handler.SimpleUrlHandlerMapping  : Mapped URL path [/**] onto handler of type [class org.springframework.web.servlet.resource.ResourceHttpRequestHandler]
2017-12-08 14:36:11.395  INFO 15808 --- [main] o.s.w.s.handler.SimpleUrlHandlerMapping  : Mapped URL path [/**/favicon.ico] onto handler of type [class org.springframework.web.servlet.resource.ResourceHttpRequestHandler]
2017-12-08 14:36:12.161  INFO 15808 --- [main] c.system.SystemServiceApplicationTests   : Started SystemServiceApplicationTests in 5.2 seconds (JVM running for 6.147)
2017-12-08 14:37:23.174  INFO 15808 --- [Thread-4] o.s.w.c.s.GenericWebApplicationContext   : Closing org.springframework.web.context.support.GenericWebApplicationContext@3403e2ac: startup date [Fri Dec 08 14:36:07 CST 2017]; root of context hierarchy
2017-12-08 14:38:46.350  INFO 13820 --- [main] c.system.SystemServiceApplicationTests   : Starting SystemServiceApplicationTests on DESKTOP-TE2C7HV with PID 13820 (started by Kenny in G:\Idea_Project\Transaction-system\System-service)
2017-12-08 14:38:46.352  INFO 13820 --- [main] c.system.SystemServiceApplicationTests   : The following profiles are active: dev
2017-12-08 14:38:46.394  INFO 13820 --- [main] o.s.w.c.s.GenericWebApplicationContext   : Refreshing org.springframework.web.context.support.GenericWebApplicationContext@3403e2ac: startup date [Fri Dec 08 14:38:46 CST 2017]; root of context hierarchy
2017-12-08 14:38:47.456  WARN 13820 --- [main] o.m.s.mapper.ClassPathMapperScanner      : Skipping MapperFactoryBean with name 'sysUserInfoMapper' and 'com.system.mapper.SysUserInfoMapper' mapperInterface. Bean already defined with the same name!
2017-12-08 14:38:47.456  WARN 13820 --- [main] o.m.s.mapper.ClassPathMapperScanner      : No MyBatis mapper was found in '[com.system.mapper]' package. Please check your configuration.
2017-12-08 14:38:49.509  INFO 13820 --- [main] s.w.s.m.m.a.RequestMappingHandlerAdapter : Looking for @ControllerAdvice: org.springframework.web.context.support.GenericWebApplicationContext@3403e2ac: startup date [Fri Dec 08 14:38:46 CST 2017]; root of context hierarchy
2017-12-08 14:38:49.601  INFO 13820 --- [main] s.w.s.m.m.a.RequestMappingHandlerMapping : Mapped "{[/error]}" onto public org.springframework.http.ResponseEntity<java.util.Map<java.lang.String, java.lang.Object>> org.springframework.boot.autoconfigure.web.BasicErrorController.error(javax.servlet.http.HttpServletRequest)
2017-12-08 14:38:49.603  INFO 13820 --- [main] s.w.s.m.m.a.RequestMappingHandlerMapping : Mapped "{[/error],produces=[text/html]}" onto public org.springframework.web.servlet.ModelAndView org.springframework.boot.autoconfigure.web.BasicErrorController.errorHtml(javax.servlet.http.HttpServletRequest,javax.servlet.http.HttpServletResponse)
2017-12-08 14:38:49.652  INFO 13820 --- [main] o.s.w.s.handler.SimpleUrlHandlerMapping  : Mapped URL path [/webjars/**] onto handler of type [class org.springframework.web.servlet.resource.ResourceHttpRequestHandler]
2017-12-08 14:38:49.652  INFO 13820 --- [main] o.s.w.s.handler.SimpleUrlHandlerMapping  : Mapped URL path [/**] onto handler of type [class org.springframework.web.servlet.resource.ResourceHttpRequestHandler]
2017-12-08 14:38:49.714  INFO 13820 --- [main] o.s.w.s.handler.SimpleUrlHandlerMapping  : Mapped URL path [/**/favicon.ico] onto handler of type [class org.springframework.web.servlet.resource.ResourceHttpRequestHandler]
2017-12-08 14:38:50.468  INFO 13820 --- [main] c.system.SystemServiceApplicationTests   : Started SystemServiceApplicationTests in 4.836 seconds (JVM running for 5.862)
2017-12-08 14:39:06.034  INFO 13820 --- [main] com.alibaba.druid.pool.DruidDataSource   : {dataSource-1} inited
2017-12-08 14:39:07.032 DEBUG 13820 --- [main] c.s.mapper.SysUserInfoMapper.intoRecord  : ==>  Preparing: insert into sys_user_info ( user_code, user_pwd, user_name, into_user, into_time, upd_user, upd_time, remarks ) values ( ?, ?, ?, ?, ?, ?, ?, ? ) 
2017-12-08 14:39:07.386 DEBUG 13820 --- [main] c.s.mapper.SysUserInfoMapper.intoRecord  : ==> Parameters: 123(String), 123(String), null, null, null, null, null, null
2017-12-08 14:39:07.403 DEBUG 13820 --- [main] c.s.mapper.SysUserInfoMapper.intoRecord  : <==    Updates: 1
2017-12-08 14:39:26.536  INFO 13820 --- [Thread-4] o.s.w.c.s.GenericWebApplicationContext   : Closing org.springframework.web.context.support.GenericWebApplicationContext@3403e2ac: startup date [Fri Dec 08 14:38:46 CST 2017]; root of context hierarchy
2017-12-08 14:39:26.547  INFO 13820 --- [Thread-4] com.alibaba.druid.pool.DruidDataSource   : {dataSource-1} closed
2017-12-08 14:40:59.174  INFO 6436 --- [main] c.system.SystemServiceApplicationTests   : Starting SystemServiceApplicationTests on DESKTOP-TE2C7HV with PID 6436 (started by Kenny in G:\Idea_Project\Transaction-system\System-service)
2017-12-08 14:40:59.177  INFO 6436 --- [main] c.system.SystemServiceApplicationTests   : The following profiles are active: dev
2017-12-08 14:40:59.220  INFO 6436 --- [main] o.s.w.c.s.GenericWebApplicationContext   : Refreshing org.springframework.web.context.support.GenericWebApplicationContext@757acd7b: startup date [Fri Dec 08 14:40:59 CST 2017]; root of context hierarchy
2017-12-08 14:41:00.207  WARN 6436 --- [main] o.m.s.mapper.ClassPathMapperScanner      : Skipping MapperFactoryBean with name 'sysUserInfoMapper' and 'com.system.mapper.SysUserInfoMapper' mapperInterface. Bean already defined with the same name!
2017-12-08 14:41:00.207  WARN 6436 --- [main] o.m.s.mapper.ClassPathMapperScanner      : No MyBatis mapper was found in '[com.system.mapper]' package. Please check your configuration.
2017-12-08 14:41:02.138  INFO 6436 --- [main] s.w.s.m.m.a.RequestMappingHandlerAdapter : Looking for @ControllerAdvice: org.springframework.web.context.support.GenericWebApplicationContext@757acd7b: startup date [Fri Dec 08 14:40:59 CST 2017]; root of context hierarchy
2017-12-08 14:41:02.223  INFO 6436 --- [main] s.w.s.m.m.a.RequestMappingHandlerMapping : Mapped "{[/error]}" onto public org.springframework.http.ResponseEntity<java.util.Map<java.lang.String, java.lang.Object>> org.springframework.boot.autoconfigure.web.BasicErrorController.error(javax.servlet.http.HttpServletRequest)
2017-12-08 14:41:02.225  INFO 6436 --- [main] s.w.s.m.m.a.RequestMappingHandlerMapping : Mapped "{[/error],produces=[text/html]}" onto public org.springframework.web.servlet.ModelAndView org.springframework.boot.autoconfigure.web.BasicErrorController.errorHtml(javax.servlet.http.HttpServletRequest,javax.servlet.http.HttpServletResponse)
2017-12-08 14:41:02.265  INFO 6436 --- [main] o.s.w.s.handler.SimpleUrlHandlerMapping  : Mapped URL path [/webjars/**] onto handler of type [class org.springframework.web.servlet.resource.ResourceHttpRequestHandler]
2017-12-08 14:41:02.265  INFO 6436 --- [main] o.s.w.s.handler.SimpleUrlHandlerMapping  : Mapped URL path [/**] onto handler of type [class org.springframework.web.servlet.resource.ResourceHttpRequestHandler]
2017-12-08 14:41:02.320  INFO 6436 --- [main] o.s.w.s.handler.SimpleUrlHandlerMapping  : Mapped URL path [/**/favicon.ico] onto handler of type [class org.springframework.web.servlet.resource.ResourceHttpRequestHandler]
2017-12-08 14:41:02.821  INFO 6436 --- [main] c.system.SystemServiceApplicationTests   : Started SystemServiceApplicationTests in 4.33 seconds (JVM running for 5.195)
2017-12-08 14:41:02.962  INFO 6436 --- [main] com.alibaba.druid.pool.DruidDataSource   : {dataSource-1} inited
2017-12-08 14:41:03.981 DEBUG 6436 --- [main] c.s.mapper.SysUserInfoMapper.intoRecord  : ==>  Preparing: insert into sys_user_info ( user_code, user_pwd, user_name, into_user, into_time, upd_user, upd_time, remarks ) values ( ?, ?, ?, ?, ?, ?, ?, ? ) 
2017-12-08 14:41:04.016 DEBUG 6436 --- [main] c.s.mapper.SysUserInfoMapper.intoRecord  : ==> Parameters: 123(String), 123(String), null, ADMIN(String), 2017-12-08 14:41:02.882(Timestamp), null, null, null
2017-12-08 14:41:04.035 DEBUG 6436 --- [main] c.s.mapper.SysUserInfoMapper.intoRecord  : <==    Updates: 1
2017-12-08 14:41:04.044  INFO 6436 --- [Thread-4] o.s.w.c.s.GenericWebApplicationContext   : Closing org.springframework.web.context.support.GenericWebApplicationContext@757acd7b: startup date [Fri Dec 08 14:40:59 CST 2017]; root of context hierarchy
2017-12-08 14:41:04.051  INFO 6436 --- [Thread-4] com.alibaba.druid.pool.DruidDataSource   : {dataSource-1} closed
2017-12-08 14:59:35.440  INFO 10800 --- [main] c.system.SystemServiceApplicationTests   : Starting SystemServiceApplicationTests on DESKTOP-TE2C7HV with PID 10800 (started by Kenny in G:\Idea_Project\Transaction-system\System-service)
2017-12-08 14:59:35.443  INFO 10800 --- [main] c.system.SystemServiceApplicationTests   : The following profiles are active: dev
2017-12-08 14:59:35.470  INFO 10800 --- [main] o.s.w.c.s.GenericWebApplicationContext   : Refreshing org.springframework.web.context.support.GenericWebApplicationContext@757acd7b: startup date [Fri Dec 08 14:59:35 CST 2017]; root of context hierarchy
2017-12-08 14:59:36.171  WARN 10800 --- [main] o.m.s.mapper.ClassPathMapperScanner      : Skipping MapperFactoryBean with name 'sysUserInfoMapper' and 'com.system.mapper.SysUserInfoMapper' mapperInterface. Bean already defined with the same name!
2017-12-08 14:59:36.171  WARN 10800 --- [main] o.m.s.mapper.ClassPathMapperScanner      : No MyBatis mapper was found in '[com.system.mapper]' package. Please check your configuration.
2017-12-08 14:59:38.042  INFO 10800 --- [main] s.w.s.m.m.a.RequestMappingHandlerAdapter : Looking for @ControllerAdvice: org.springframework.web.context.support.GenericWebApplicationContext@757acd7b: startup date [Fri Dec 08 14:59:35 CST 2017]; root of context hierarchy
2017-12-08 14:59:38.135  INFO 10800 --- [main] s.w.s.m.m.a.RequestMappingHandlerMapping : Mapped "{[/error]}" onto public org.springframework.http.ResponseEntity<java.util.Map<java.lang.String, java.lang.Object>> org.springframework.boot.autoconfigure.web.BasicErrorController.error(javax.servlet.http.HttpServletRequest)
2017-12-08 14:59:38.136  INFO 10800 --- [main] s.w.s.m.m.a.RequestMappingHandlerMapping : Mapped "{[/error],produces=[text/html]}" onto public org.springframework.web.servlet.ModelAndView org.springframework.boot.autoconfigure.web.BasicErrorController.errorHtml(javax.servlet.http.HttpServletRequest,javax.servlet.http.HttpServletResponse)
2017-12-08 14:59:38.178  INFO 10800 --- [main] o.s.w.s.handler.SimpleUrlHandlerMapping  : Mapped URL path [/webjars/**] onto handler of type [class org.springframework.web.servlet.resource.ResourceHttpRequestHandler]
2017-12-08 14:59:38.178  INFO 10800 --- [main] o.s.w.s.handler.SimpleUrlHandlerMapping  : Mapped URL path [/**] onto handler of type [class org.springframework.web.servlet.resource.ResourceHttpRequestHandler]
2017-12-08 14:59:38.239  INFO 10800 --- [main] o.s.w.s.handler.SimpleUrlHandlerMapping  : Mapped URL path [/**/favicon.ico] onto handler of type [class org.springframework.web.servlet.resource.ResourceHttpRequestHandler]
2017-12-08 14:59:38.704  INFO 10800 --- [main] c.system.SystemServiceApplicationTests   : Started SystemServiceApplicationTests in 3.899 seconds (JVM running for 4.763)
2017-12-08 14:59:38.952  INFO 10800 --- [main] com.alibaba.druid.pool.DruidDataSource   : {dataSource-1} inited
2017-12-08 14:59:39.875 DEBUG 10800 --- [main] c.s.mapper.SysUserInfoMapper.intoRecord  : ==>  Preparing: insert into sys_user_info ( user_code, user_pwd, user_name, into_user, into_time, upd_user, upd_time, remarks ) values ( ?, ?, ?, ?, ?, ?, ?, ? ) 
2017-12-08 14:59:39.913 DEBUG 10800 --- [main] c.s.mapper.SysUserInfoMapper.intoRecord  : ==> Parameters: 123(String), 123(String), null, ADMIN(String), 2017-12-08 14:59:38.885(Timestamp), null, null, null
2017-12-08 14:59:39.924 DEBUG 10800 --- [main] c.s.mapper.SysUserInfoMapper.intoRecord  : <==    Updates: 1
2017-12-08 14:59:39.931  INFO 10800 --- [Thread-4] o.s.w.c.s.GenericWebApplicationContext   : Closing org.springframework.web.context.support.GenericWebApplicationContext@757acd7b: startup date [Fri Dec 08 14:59:35 CST 2017]; root of context hierarchy
2017-12-08 14:59:39.937  INFO 10800 --- [Thread-4] com.alibaba.druid.pool.DruidDataSource   : {dataSource-1} closed
