2017-12-25 13:57:16.614  INFO 13940 --- [main] com.system.SystemApiApplication          : The following profiles are active: dev
2017-12-25 13:57:16.631  INFO 13940 --- [main] ationConfigEmbeddedWebApplicationContext : Refreshing org.springframework.boot.context.embedded.AnnotationConfigEmbeddedWebApplicationContext@6a55299e: startup date [Mon Dec 25 13:57:16 CST 2017]; parent: org.springframework.context.annotation.AnnotationConfigApplicationContext@59309333
2017-12-25 13:57:17.544  INFO 13940 --- [main] o.s.cloud.context.scope.GenericScope     : BeanFactory id=a0f30e55-3aff-3356-bb39-d850fa628d8d
2017-12-25 13:57:17.565  INFO 13940 --- [main] f.a.AutowiredAnnotationBeanPostProcessor : JSR-330 'javax.inject.Inject' annotation found and supported for autowiring
2017-12-25 13:57:17.664  INFO 13940 --- [main] trationDelegate$BeanPostProcessorChecker : Bean 'org.springframework.cloud.autoconfigure.ConfigurationPropertiesRebinderAutoConfiguration' of type [org.springframework.cloud.autoconfigure.ConfigurationPropertiesRebinderAutoConfiguration$$EnhancerBySpringCGLIB$$350bb022] is not eligible for getting processed by all BeanPostProcessors (for example: not eligible for auto-proxying)
2017-12-25 13:57:17.673  INFO 13940 --- [main] trationDelegate$BeanPostProcessorChecker : Bean 'org.springframework.transaction.annotation.ProxyTransactionManagementConfiguration' of type [org.springframework.transaction.annotation.ProxyTransactionManagementConfiguration$$EnhancerBySpringCGLIB$$18f1ad25] is not eligible for getting processed by all BeanPostProcessors (for example: not eligible for auto-proxying)
2017-12-25 13:57:17.991  INFO 13940 --- [main] s.b.c.e.t.TomcatEmbeddedServletContainer : Tomcat initialized with port(s): 8080 (http)
2017-12-25 13:57:18.001  INFO 13940 --- [main] o.apache.catalina.core.StandardService   : Starting service [Tomcat]
2017-12-25 13:57:18.001  INFO 13940 --- [main] org.apache.catalina.core.StandardEngine  : Starting Servlet Engine: Apache Tomcat/8.5.23
2017-12-25 13:57:18.130  INFO 13940 --- [localhost-startStop-1] o.a.c.c.C.[.[localhost].[/system]        : Initializing Spring embedded WebApplicationContext
2017-12-25 13:57:18.130  INFO 13940 --- [localhost-startStop-1] o.s.web.context.ContextLoader            : Root WebApplicationContext: initialization completed in 1499 ms
2017-12-25 13:57:18.293  INFO 13940 --- [localhost-startStop-1] o.s.b.w.servlet.ServletRegistrationBean  : Mapping servlet: 'dispatcherServlet' to [/]
2017-12-25 13:57:18.308  INFO 13940 --- [localhost-startStop-1] o.s.b.w.servlet.FilterRegistrationBean   : Mapping filter: 'characterEncodingFilter' to: [/*]
2017-12-25 13:57:18.309  INFO 13940 --- [localhost-startStop-1] o.s.b.w.servlet.FilterRegistrationBean   : Mapping filter: 'hiddenHttpMethodFilter' to: [/*]
2017-12-25 13:57:18.309  INFO 13940 --- [localhost-startStop-1] o.s.b.w.servlet.FilterRegistrationBean   : Mapping filter: 'httpPutFormContentFilter' to: [/*]
2017-12-25 13:57:18.309  INFO 13940 --- [localhost-startStop-1] o.s.b.w.servlet.FilterRegistrationBean   : Mapping filter: 'requestContextFilter' to: [/*]
2017-12-25 13:57:18.859  WARN 13940 --- [main] c.n.c.sources.URLConfigurationSource     : No URLs will be polled as dynamic configuration sources.
2017-12-25 13:57:18.859  INFO 13940 --- [main] c.n.c.sources.URLConfigurationSource     : To enable URLs as dynamic configuration sources, define System property archaius.configurationSource.additionalUrls or make config.properties available on classpath.
2017-12-25 13:57:18.865  WARN 13940 --- [main] c.n.c.sources.URLConfigurationSource     : No URLs will be polled as dynamic configuration sources.
2017-12-25 13:57:18.865  INFO 13940 --- [main] c.n.c.sources.URLConfigurationSource     : To enable URLs as dynamic configuration sources, define System property archaius.configurationSource.additionalUrls or make config.properties available on classpath.
2017-12-25 13:57:19.080  INFO 13940 --- [main] s.w.s.m.m.a.RequestMappingHandlerAdapter : Looking for @ControllerAdvice: org.springframework.boot.context.embedded.AnnotationConfigEmbeddedWebApplicationContext@6a55299e: startup date [Mon Dec 25 13:57:16 CST 2017]; parent: org.springframework.context.annotation.AnnotationConfigApplicationContext@59309333
2017-12-25 13:57:19.136  INFO 13940 --- [main] s.w.s.m.m.a.RequestMappingHandlerMapping : Mapped "{[/findPhone],methods=[POST]}" onto public com.system.bean.ResponseData com.system.controller.SysUserInfoController.findByUserPhoneForUserInfo(java.lang.String)
2017-12-25 13:57:19.137  INFO 13940 --- [main] s.w.s.m.m.a.RequestMappingHandlerMapping : Mapped "{[/findCode],methods=[POST]}" onto public com.system.bean.ResponseData com.system.controller.SysUserInfoController.findByUserCodeForUserInfo(java.lang.String)
2017-12-25 13:57:19.138  INFO 13940 --- [main] s.w.s.m.m.a.RequestMappingHandlerMapping : Mapped "{[/into],methods=[POST]}" onto public com.system.bean.ResponseData com.system.controller.SysUserInfoController.intoUserInfo(java.lang.String,java.lang.String)
2017-12-25 13:57:19.140  INFO 13940 --- [main] s.w.s.m.m.a.RequestMappingHandlerMapping : Mapped "{[/error]}" onto public org.springframework.http.ResponseEntity<java.util.Map<java.lang.String, java.lang.Object>> org.springframework.boot.autoconfigure.web.BasicErrorController.error(javax.servlet.http.HttpServletRequest)
2017-12-25 13:57:19.141  INFO 13940 --- [main] s.w.s.m.m.a.RequestMappingHandlerMapping : Mapped "{[/error],produces=[text/html]}" onto public org.springframework.web.servlet.ModelAndView org.springframework.boot.autoconfigure.web.BasicErrorController.errorHtml(javax.servlet.http.HttpServletRequest,javax.servlet.http.HttpServletResponse)
2017-12-25 13:57:19.183  INFO 13940 --- [main] o.s.w.s.handler.SimpleUrlHandlerMapping  : Mapped URL path [/webjars/**] onto handler of type [class org.springframework.web.servlet.resource.ResourceHttpRequestHandler]
2017-12-25 13:57:19.184  INFO 13940 --- [main] o.s.w.s.handler.SimpleUrlHandlerMapping  : Mapped URL path [/**] onto handler of type [class org.springframework.web.servlet.resource.ResourceHttpRequestHandler]
2017-12-25 13:57:19.244  INFO 13940 --- [main] o.s.w.s.handler.SimpleUrlHandlerMapping  : Mapped URL path [/**/favicon.ico] onto handler of type [class org.springframework.web.servlet.resource.ResourceHttpRequestHandler]
2017-12-25 13:57:20.069  WARN 13940 --- [main] arterDeprecationWarningAutoConfiguration : spring-cloud-starter-eureka is deprecated as of Spring Cloud Netflix 1.4.0, please migrate to spring-cloud-starter-netflix-eureka
2017-12-25 13:57:20.143  INFO 13940 --- [main] o.s.j.e.a.AnnotationMBeanExporter        : Registering beans for JMX exposure on startup
2017-12-25 13:57:20.145  INFO 13940 --- [main] o.s.j.e.a.AnnotationMBeanExporter        : Bean with name 'dataSource' has been autodetected for JMX exposure
2017-12-25 13:57:20.151  INFO 13940 --- [main] o.s.j.e.a.AnnotationMBeanExporter        : Bean with name 'environmentManager' has been autodetected for JMX exposure
2017-12-25 13:57:20.153  INFO 13940 --- [main] o.s.j.e.a.AnnotationMBeanExporter        : Bean with name 'configurationPropertiesRebinder' has been autodetected for JMX exposure
2017-12-25 13:57:20.154  INFO 13940 --- [main] o.s.j.e.a.AnnotationMBeanExporter        : Bean with name 'refreshScope' has been autodetected for JMX exposure
2017-12-25 13:57:20.156  INFO 13940 --- [main] o.s.j.e.a.AnnotationMBeanExporter        : Located managed bean 'environmentManager': registering with JMX server as MBean [org.springframework.cloud.context.environment:name=environmentManager,type=EnvironmentManager]
2017-12-25 13:57:20.168  INFO 13940 --- [main] o.s.j.e.a.AnnotationMBeanExporter        : Located managed bean 'refreshScope': registering with JMX server as MBean [org.springframework.cloud.context.scope.refresh:name=refreshScope,type=RefreshScope]
2017-12-25 13:57:20.182  INFO 13940 --- [main] o.s.j.e.a.AnnotationMBeanExporter        : Located managed bean 'configurationPropertiesRebinder': registering with JMX server as MBean [org.springframework.cloud.context.properties:name=configurationPropertiesRebinder,context=6a55299e,type=ConfigurationPropertiesRebinder]
2017-12-25 13:57:20.188  INFO 13940 --- [main] o.s.j.e.a.AnnotationMBeanExporter        : Located MBean 'dataSource': registering with JMX server as MBean [com.alibaba.druid.pool:name=dataSource,type=DruidDataSource]
2017-12-25 13:57:20.411  INFO 13940 --- [main] o.s.c.support.DefaultLifecycleProcessor  : Starting beans in phase 0
2017-12-25 13:57:20.418  INFO 13940 --- [main] o.s.c.n.eureka.InstanceInfoFactory       : Setting initial instance status as: STARTING
2017-12-25 13:57:20.457  INFO 13940 --- [main] com.netflix.discovery.DiscoveryClient    : Initializing Eureka in region us-east-1
2017-12-25 13:57:20.861  INFO 13940 --- [main] c.n.d.provider.DiscoveryJerseyProvider   : Using JSON encoding codec LegacyJacksonJson
2017-12-25 13:57:20.861  INFO 13940 --- [main] c.n.d.provider.DiscoveryJerseyProvider   : Using JSON decoding codec LegacyJacksonJson
2017-12-25 13:57:20.966  INFO 13940 --- [main] c.n.d.provider.DiscoveryJerseyProvider   : Using XML encoding codec XStreamXml
2017-12-25 13:57:20.966  INFO 13940 --- [main] c.n.d.provider.DiscoveryJerseyProvider   : Using XML decoding codec XStreamXml
2017-12-25 13:57:21.173  INFO 13940 --- [main] c.n.d.s.r.aws.ConfigClusterResolver      : Resolving eureka endpoints via configuration
2017-12-25 13:57:21.233  INFO 13940 --- [main] com.netflix.discovery.DiscoveryClient    : Disable delta property : false
2017-12-25 13:57:21.233  INFO 13940 --- [main] com.netflix.discovery.DiscoveryClient    : Single vip registry refresh property : null
2017-12-25 13:57:21.233  INFO 13940 --- [main] com.netflix.discovery.DiscoveryClient    : Force full registry fetch : false
2017-12-25 13:57:21.233  INFO 13940 --- [main] com.netflix.discovery.DiscoveryClient    : Application is null : false
2017-12-25 13:57:21.233  INFO 13940 --- [main] com.netflix.discovery.DiscoveryClient    : Registered Applications size is zero : true
2017-12-25 13:57:21.233  INFO 13940 --- [main] com.netflix.discovery.DiscoveryClient    : Application version is -1: true
2017-12-25 13:57:21.233  INFO 13940 --- [main] com.netflix.discovery.DiscoveryClient    : Getting all instance registry info from the eureka server
2017-12-25 13:57:21.476  INFO 13940 --- [main] com.netflix.discovery.DiscoveryClient    : The response status is 200
2017-12-25 13:57:21.477  INFO 13940 --- [main] com.netflix.discovery.DiscoveryClient    : Starting heartbeat executor: renew interval is: 30
2017-12-25 13:57:21.480  INFO 13940 --- [main] c.n.discovery.InstanceInfoReplicator     : InstanceInfoReplicator onDemand update allowed rate per min is 4
2017-12-25 13:57:21.484  INFO 13940 --- [main] com.netflix.discovery.DiscoveryClient    : Discovery Client initialized at timestamp 1514181441483 with initial instances count: 0
2017-12-25 13:57:21.490  INFO 13940 --- [main] o.s.c.n.e.s.EurekaServiceRegistry        : Registering application compute-service   with eureka with status UP
2017-12-25 13:57:21.491  INFO 13940 --- [main] com.netflix.discovery.DiscoveryClient    : Saw local status change event StatusChangeEvent [timestamp=1514181441491, current=UP, previous=STARTING]
2017-12-25 13:57:21.493  INFO 13940 --- [DiscoveryClient-InstanceInfoReplicator-0] com.netflix.discovery.DiscoveryClient    : DiscoveryClient_COMPUTE-SERVICE  /DESKTOP-TE2C7HV:compute-service  :8080: registering service...
2017-12-25 13:57:21.554  INFO 13940 --- [main] s.b.c.e.t.TomcatEmbeddedServletContainer : Tomcat started on port(s): 8080 (http)
2017-12-25 13:57:21.554  INFO 13940 --- [main] .s.c.n.e.s.EurekaAutoServiceRegistration : Updating port to 8080
2017-12-25 13:57:21.559  INFO 13940 --- [main] com.system.SystemApiApplication          : Started SystemApiApplication in 6.171 seconds (JVM running for 7.839)
2017-12-25 13:57:21.586  INFO 13940 --- [DiscoveryClient-InstanceInfoReplicator-0] com.netflix.discovery.DiscoveryClient    : DiscoveryClient_COMPUTE-SERVICE  /DESKTOP-TE2C7HV:compute-service  :8080 - registration status: 204
2017-12-25 13:57:51.479  INFO 13940 --- [DiscoveryClient-CacheRefreshExecutor-0] com.netflix.discovery.DiscoveryClient    : Disable delta property : false
2017-12-25 13:57:51.480  INFO 13940 --- [DiscoveryClient-CacheRefreshExecutor-0] com.netflix.discovery.DiscoveryClient    : Single vip registry refresh property : null
2017-12-25 13:57:51.480  INFO 13940 --- [DiscoveryClient-CacheRefreshExecutor-0] com.netflix.discovery.DiscoveryClient    : Force full registry fetch : false
2017-12-25 13:57:51.480  INFO 13940 --- [DiscoveryClient-CacheRefreshExecutor-0] com.netflix.discovery.DiscoveryClient    : Application is null : false
2017-12-25 13:57:51.480  INFO 13940 --- [DiscoveryClient-CacheRefreshExecutor-0] com.netflix.discovery.DiscoveryClient    : Registered Applications size is zero : true
2017-12-25 13:57:51.480  INFO 13940 --- [DiscoveryClient-CacheRefreshExecutor-0] com.netflix.discovery.DiscoveryClient    : Application version is -1: false
2017-12-25 13:57:51.480  INFO 13940 --- [DiscoveryClient-CacheRefreshExecutor-0] com.netflix.discovery.DiscoveryClient    : Getting all instance registry info from the eureka server
2017-12-25 13:57:51.517  INFO 13940 --- [DiscoveryClient-CacheRefreshExecutor-0] com.netflix.discovery.DiscoveryClient    : The response status is 200
2017-12-25 14:02:21.237  INFO 13940 --- [AsyncResolver-bootstrap-executor-0] c.n.d.s.r.aws.ConfigClusterResolver      : Resolving eureka endpoints via configuration
